#-----------------------------------------------------------
# Vivado v2019.2 (64-bit)
# SW Build 2708876 on Wed Nov  6 21:40:23 MST 2019
# IP Build 2700528 on Thu Nov  7 00:09:20 MST 2019
# Start of session at: Wed Apr 29 17:47:12 2020
# Process ID: 17148
# Current directory: C:/Users/904pa/Documents/Git/sha256/ip_repo
# Command line: vivado.exe -gui_launcher_event rodinguilauncherevent5080 C:\Users\904pa\Documents\Git\sha256\ip_repo\edit_axi_sha256_v1_0.xpr
# Log file: C:/Users/904pa/Documents/Git/sha256/ip_repo/vivado.log
# Journal file: C:/Users/904pa/Documents/Git/sha256/ip_repo\vivado.jou
#-----------------------------------------------------------
start_gui
open_project C:/Users/904pa/Documents/Git/sha256/ip_repo/edit_axi_sha256_v1_0.xpr
WARNING: [filemgmt 56-99] Vivado Synthesis ignores library specification for Verilog or SystemVerilog files. [C:/Users/904pa/Documents/Git/sha256/ip_repo/axi_sha256_1.0/hdl/axi_sha256_v1_0_S00_AXI.v:]
WARNING: [filemgmt 56-99] Vivado Synthesis ignores library specification for Verilog or SystemVerilog files. [C:/Users/904pa/Documents/Git/sha256/ip_repo/axi_sha256_1.0/hdl/axi_sha256_v1_0_S_AXI_INTR.v:]
WARNING: [filemgmt 56-99] Vivado Synthesis ignores library specification for Verilog or SystemVerilog files. [C:/Users/904pa/Documents/Git/sha256/ip_repo/axi_sha256_1.0/hdl/axi_sha256_v1_0.v:]
Scanning sources...
Finished scanning sources
WARNING: [filemgmt 56-3] IP Repository Path: Could not find the directory 'C:/Users/904pa/Documents/Git/sha256/ip_repo/myip_1.0'.
INFO: [IP_Flow 19-234] Refreshing IP repositories
INFO: [IP_Flow 19-1700] Loaded user IP repository 'c:/Users/904pa/Documents/Git/sha256/ip_repo/axi_sha256_1.0'.
WARNING: [IP_Flow 19-2207] Repository 'c:/Users/904pa/Documents/Git/sha256/ip_repo/axi_sha256_1.0' already exists; ignoring attempt to add it again.
INFO: [IP_Flow 19-1700] Loaded user IP repository 'c:/Users/904pa/Documents/Git/sha256/ip_repo/axi_sha256_1.0'.
WARNING: [IP_Flow 19-2248] Failed to load user IP repository 'c:/Users/904pa/Documents/Git/sha256/ip_repo/myip_1.0'; Can't find the specified path.
If this directory should no longer be in your list of user repositories, go to the IP Settings dialog and remove it.
INFO: [IP_Flow 19-1700] Loaded user IP repository 'c:/Users/904pa/Documents/Git/sha256/ip_repo/led_axi_1.0'.
INFO: [IP_Flow 19-2313] Loaded Vivado IP repository 'C:/Xilinx/Vivado/2019.2/data/ip'.
open_project: Time (s): cpu = 00:00:13 ; elapsed = 00:00:09 . Memory (MB): peak = 1265.688 ; gain = 299.523
exit
INFO: [Common 17-206] Exiting Vivado at Wed Apr 29 17:48:25 2020...
